#
# A fatal error has been detected by the Java Runtime Environment:
#
#  Internal Error (c:/sb/prod/1680893669/workspace/open/src/hotspot/share/runtime/vmThread.cpp:680), pid=5764, tid=10344
#  fatal error: Nested VM operation CollectForMetadataAllocation requested by operation ChangeBreakpoints
#
# JRE version: OpenJDK Runtime Environment (11.0.1+3) (build 11.0.0.1+3-5)
# Java VM: OpenJDK 64-Bit Server VM (11.0.0.1+3-5, mixed mode, tiered, compressed oops, g1 gc, windows-amd64)
# No core dump will be written. Minidumps are not enabled by default on client versions of Windows
#
# If you would like to submit a bug report, please visit:
#   http://bugreport.java.com/bugreport/crash.jsp
#

---------------  S U M M A R Y ------------

Command Line: -agentlib:jdwp=transport=dt_socket,address=127.0.0.1:49401,suspend=y,server=n -javaagent:C:\Users\Playdata\AppData\Local\JetBrains\IdeaIC2023.2\captureAgent\debugger-agent.jar -Dfile.encoding=UTF-8 com.encore.ordering.OrderingApplication

Host: 11th Gen Intel(R) Core(TM) i5-1135G7 @ 2.40GHz, 8 cores, 15G,  Windows 10 , 64 bit Build 22621 (10.0.22621.2506)
Time: Thu Feb  1 17:25:56 2024 대한민국 표준시 elapsed time: 5 seconds (0d 0h 0m 5s)

---------------  T H R E A D  ---------------

Current thread (0x000001517f394800):  VMThread "VM Thread" [stack: 0x0000002bb0600000,0x0000002bb0700000] [id=10344]

Stack: [0x0000002bb0600000,0x0000002bb0700000]
[error occurred during error reporting (printing stack bounds), id 0xc0000005, EXCEPTION_ACCESS_VIOLATION (0xc0000005) at pc=0x0000015100000bad]

Native frames: (J=compiled Java code, j=interpreted, Vv=VM code, C=native code)
V  [jvm.dll+0x63adaa]
V  [jvm.dll+0x77852f]
V  [jvm.dll+0x779b18]
V  [jvm.dll+0x77a135]
V  [jvm.dll+0x77a0eb]
V  [jvm.dll+0x63a4a6]
V  [jvm.dll+0x63a878]
C  [ntdll.dll+0xa441f]
C  [ntdll.dll+0x1e466]
C  [ntdll.dll+0xa340e]
C  0x0000015100000bad

VM_Operation (0x0000002bb0fff6f0): ChangeBreakpoints, mode: safepoint, requested by thread 0x000001517ff6b800


---------------  P R O C E S S  ---------------

Threads class SMR info:
_java_thread_list=0x0000015118006eb0, length=20, elements={
0x000001517226e800, 0x000001517fc46800, 0x000001517fc51000, 0x000001517fcba000,
0x000001517fcbb000, 0x000001517fcbf000, 0x000001517fcc3800, 0x000001517fcc5000,
0x000001517fc21000, 0x000001517ff6b800, 0x000001517ff3d000, 0x000001517ff3f800,
0x000001517ff2d000, 0x000001511a504800, 0x0000015120af8800, 0x000001511f6a9000,
0x000001511baa3800, 0x0000015121591800, 0x000001511ba99800, 0x000001511ba95800
}

Java Threads: ( => current thread )
  0x000001517226e800 JavaThread "main" [_thread_blocked, id=15300, stack(0x0000002bb0000000,0x0000002bb0100000)]
  0x000001517fc46800 JavaThread "Reference Handler" daemon [_thread_blocked, id=2852, stack(0x0000002bb0700000,0x0000002bb0800000)]
  0x000001517fc51000 JavaThread "Finalizer" daemon [_thread_blocked, id=9840, stack(0x0000002bb0800000,0x0000002bb0900000)]
  0x000001517fcba000 JavaThread "Signal Dispatcher" daemon [_thread_blocked, id=20176, stack(0x0000002bb0900000,0x0000002bb0a00000)]
  0x000001517fcbb000 JavaThread "Attach Listener" daemon [_thread_blocked, id=17856, stack(0x0000002bb0a00000,0x0000002bb0b00000)]
  0x000001517fcbf000 JavaThread "C2 CompilerThread0" daemon [_thread_blocked, id=19812, stack(0x0000002bb0b00000,0x0000002bb0c00000)]
  0x000001517fcc3800 JavaThread "C1 CompilerThread0" daemon [_thread_blocked, id=408, stack(0x0000002bb0c00000,0x0000002bb0d00000)]
  0x000001517fcc5000 JavaThread "Sweeper thread" daemon [_thread_blocked, id=16328, stack(0x0000002bb0d00000,0x0000002bb0e00000)]
  0x000001517fc21000 JavaThread "Common-Cleaner" daemon [_thread_blocked, id=19668, stack(0x0000002bb0e00000,0x0000002bb0f00000)]
  0x000001517ff6b800 JavaThread "JDWP Transport Listener: dt_socket" daemon [_thread_blocked, id=20512, stack(0x0000002bb0f00000,0x0000002bb1000000)]
  0x000001517ff3d000 JavaThread "JDWP Event Helper Thread" daemon [_thread_blocked, id=14720, stack(0x0000002bb1000000,0x0000002bb1100000)]
  0x000001517ff3f800 JavaThread "JDWP Command Reader" daemon [_thread_in_native, id=7352, stack(0x0000002bb1100000,0x0000002bb1200000)]
  0x000001517ff2d000 JavaThread "Service Thread" daemon [_thread_blocked, id=15676, stack(0x0000002bb1300000,0x0000002bb1400000)]
  0x000001511a504800 JavaThread "Catalina-utility-1" [_thread_blocked, id=8132, stack(0x0000002bb1b00000,0x0000002bb1c00000)]
  0x0000015120af8800 JavaThread "Catalina-utility-2" [_thread_blocked, id=10384, stack(0x0000002bb1d00000,0x0000002bb1e00000)]
  0x000001511f6a9000 JavaThread "container-0" [_thread_blocked, id=4600, stack(0x0000002bb1e00000,0x0000002bb1f00000)]
  0x000001511baa3800 JavaThread "HikariPool-1 housekeeper" daemon [_thread_blocked, id=17904, stack(0x0000002bb2000000,0x0000002bb2100000)]
  0x0000015121591800 JavaThread "HikariPool-1 connection adder" daemon [_thread_blocked, id=18912, stack(0x0000002bb2100000,0x0000002bb2200000)]
  0x000001511ba99800 JavaThread "C2 CompilerThread1" daemon [_thread_blocked, id=13156, stack(0x0000002bb1200000,0x0000002bb1300000)]
  0x000001511ba95800 JavaThread "C2 CompilerThread2" daemon [_thread_blocked, id=18292, stack(0x0000002bb1a00000,0x0000002bb1b00000)]

Other Threads:
=>0x000001517f394800 VMThread "VM Thread" [stack: 0x0000002bb0600000,0x0000002bb0700000] [id=10344]
  0x000001517ff21000 WatcherThread [stack: 0x0000002bb1400000,0x0000002bb1500000] [id=16216]
  0x0000015172281000 GCTaskThread "GC Thread#0" [stack: 0x0000002bb0100000,0x0000002bb0200000] [id=1144]
  0x0000015117278000 GCTaskThread "GC Thread#1" [stack: 0x0000002bb1500000,0x0000002bb1600000] [id=16744]
  0x00000151172ef800 GCTaskThread "GC Thread#2" [stack: 0x0000002bb1600000,0x0000002bb1700000] [id=8048]
  0x00000151173f9000 GCTaskThread "GC Thread#3" [stack: 0x0000002bb1700000,0x0000002bb1800000] [id=11168]
  0x00000151178aa800 GCTaskThread "GC Thread#4" [stack: 0x0000002bb1800000,0x0000002bb1900000] [id=3824]
  0x00000151178ab000 GCTaskThread "GC Thread#5" [stack: 0x0000002bb1900000,0x0000002bb1a00000] [id=10720]
  0x000001511b903800 GCTaskThread "GC Thread#6" [stack: 0x0000002bb2200000,0x0000002bb2300000] [id=8700]
  0x0000015121207000 GCTaskThread "GC Thread#7" [stack: 0x0000002bb2300000,0x0000002bb2400000] [id=5872]
  0x00000151722e3800 ConcurrentGCThread "G1 Main Marker" [stack: 0x0000002bb0200000,0x0000002bb0300000] [id=18048]
  0x00000151722e5800 ConcurrentGCThread "G1 Conc#0" [stack: 0x0000002bb0300000,0x0000002bb0400000] [id=18524]
  0x00000151183a5000 ConcurrentGCThread "G1 Conc#1" [stack: 0x0000002bb1c00000,0x0000002bb1d00000] [id=9412]
  0x000001517f276800 ConcurrentGCThread "G1 Refine#0" [stack: 0x0000002bb0400000,0x0000002bb0500000] [id=2928]
  0x000001517f278000 ConcurrentGCThread "G1 Young RemSet Sampling" [stack: 0x0000002bb0500000,0x0000002bb0600000] [id=20396]

Threads with active compile tasks:
C2 CompilerThread04425       4       java.lang.Class::annotationData (44 bytes)
C2 CompilerThread14433       4       org.springframework.core.annotation.TypeMappedAnnotations::get (8 bytes)
C2 CompilerThread24434       4       org.springframework.core.annotation.TypeMappedAnnotations::get (52 bytes)

VM state:at safepoint (normal execution)

VM Mutex/Monitor currently owned by a thread:  ([mutex/lock_event])
[0x000001517226a640] Threads_lock - owner thread: 0x000001517f394800

Heap address: 0x0000000704400000, size: 4028 MB, Compressed Oops mode: Zero based, Oop shift amount: 3
Narrow klass base: 0x0000000800000000, Narrow klass shift: 0
Compressed class space size: 1073741824 Address: 0x0000000800000000

Heap:
 garbage-first heap   total 310272K, used 72869K [0x0000000704400000, 0x0000000800000000)
  region size 1024K, 66 young (67584K), 12 survivors (12288K)
 Metaspace       used 58878K, capacity 60099K, committed 60160K, reserved 1101824K
  class space    used 7507K, capacity 8027K, committed 8064K, reserved 1048576K
Heap Regions: E=young(eden), S=young(survivor), O=old, HS=humongous(starts), HC=humongous(continues), CS=collection set, F=free, A=archive, TAMS=top-at-mark-start (previous, next)
|   0|0x0000000704400000, 0x0000000704500000, 0x0000000704500000|100%|HS|  |TAMS 0x0000000704500000, 0x0000000704400000| Complete 
|   1|0x0000000704500000, 0x0000000704600000, 0x0000000704600000|100%| O|  |TAMS 0x0000000704600000, 0x0000000704500000| Untracked 
|   2|0x0000000704600000, 0x0000000704700000, 0x0000000704700000|100%| O|  |TAMS 0x0000000704700000, 0x0000000704600000| Untracked 
|   3|0x0000000704700000, 0x0000000704800000, 0x0000000704800000|100%| O|  |TAMS 0x0000000704800000, 0x0000000704700000| Untracked 
|   4|0x0000000704800000, 0x0000000704900000, 0x0000000704900000|100%| O|  |TAMS 0x0000000704900000, 0x0000000704800000| Untracked 
|   5|0x0000000704900000, 0x0000000704a00000, 0x0000000704a00000|100%| O|  |TAMS 0x0000000704a00000, 0x0000000704900000| Untracked 
|   6|0x0000000704a00000, 0x0000000704abd200, 0x0000000704b00000| 73%| O|  |TAMS 0x0000000704abd200, 0x0000000704a00000| Untracked 
|   7|0x0000000704b00000, 0x0000000704b00000, 0x0000000704c00000|  0%| F|  |TAMS 0x0000000704b00000, 0x0000000704b00000| Untracked 
|   8|0x0000000704c00000, 0x0000000704c00000, 0x0000000704d00000|  0%| F|  |TAMS 0x0000000704c00000, 0x0000000704c00000| Untracked 
|   9|0x0000000704d00000, 0x0000000704d00000, 0x0000000704e00000|  0%| F|  |TAMS 0x0000000704d00000, 0x0000000704d00000| Untracked 
|  10|0x0000000704e00000, 0x0000000704e00000, 0x0000000704f00000|  0%| F|  |TAMS 0x0000000704e00000, 0x0000000704e00000| Untracked 
|  11|0x0000000704f00000, 0x0000000704f00000, 0x0000000705000000|  0%| F|  |TAMS 0x0000000704f00000, 0x0000000704f00000| Untracked 
|  12|0x0000000705000000, 0x0000000705000000, 0x0000000705100000|  0%| F|  |TAMS 0x0000000705000000, 0x0000000705000000| Untracked 
|  13|0x0000000705100000, 0x0000000705100000, 0x0000000705200000|  0%| F|  |TAMS 0x0000000705100000, 0x0000000705100000| Untracked 
|  14|0x0000000705200000, 0x0000000705200000, 0x0000000705300000|  0%| F|  |TAMS 0x0000000705200000, 0x0000000705200000| Untracked 
|  15|0x0000000705300000, 0x0000000705300000, 0x0000000705400000|  0%| F|  |TAMS 0x0000000705300000, 0x0000000705300000| Untracked 
|  16|0x0000000705400000, 0x0000000705400000, 0x0000000705500000|  0%| F|  |TAMS 0x0000000705400000, 0x0000000705400000| Untracked 
|  17|0x0000000705500000, 0x0000000705500000, 0x0000000705600000|  0%| F|  |TAMS 0x0000000705500000, 0x0000000705500000| Untracked 
|  18|0x0000000705600000, 0x0000000705600000, 0x0000000705700000|  0%| F|  |TAMS 0x0000000705600000, 0x0000000705600000| Untracked 
|  19|0x0000000705700000, 0x0000000705700000, 0x0000000705800000|  0%| F|  |TAMS 0x0000000705700000, 0x0000000705700000| Untracked 
|  20|0x0000000705800000, 0x0000000705800000, 0x0000000705900000|  0%| F|  |TAMS 0x0000000705800000, 0x0000000705800000| Untracked 
|  21|0x0000000705900000, 0x0000000705900000, 0x0000000705a00000|  0%| F|  |TAMS 0x0000000705900000, 0x0000000705900000| Untracked 
|  22|0x0000000705a00000, 0x0000000705a00000, 0x0000000705b00000|  0%| F|  |TAMS 0x0000000705a00000, 0x0000000705a00000| Untracked 
|  23|0x0000000705b00000, 0x0000000705b00000, 0x0000000705c00000|  0%| F|  |TAMS 0x0000000705b00000, 0x0000000705b00000| Untracked 
|  24|0x0000000705c00000, 0x0000000705c00000, 0x0000000705d00000|  0%| F|  |TAMS 0x0000000705c00000, 0x0000000705c00000| Untracked 
|  25|0x0000000705d00000, 0x0000000705d00000, 0x0000000705e00000|  0%| F|  |TAMS 0x0000000705d00000, 0x0000000705d00000| Untracked 
|  26|0x0000000705e00000, 0x0000000705e00000, 0x0000000705f00000|  0%| F|  |TAMS 0x0000000705e00000, 0x0000000705e00000| Untracked 
|  27|0x0000000705f00000, 0x0000000705f00000, 0x0000000706000000|  0%| F|  |TAMS 0x0000000705f00000, 0x0000000705f00000| Untracked 
|  28|0x0000000706000000, 0x0000000706000000, 0x0000000706100000|  0%| F|  |TAMS 0x0000000706000000, 0x0000000706000000| Untracked 
|  29|0x0000000706100000, 0x0000000706100000, 0x0000000706200000|  0%| F|  |TAMS 0x0000000706100000, 0x0000000706100000| Untracked 
|  30|0x0000000706200000, 0x0000000706200000, 0x0000000706300000|  0%| F|  |TAMS 0x0000000706200000, 0x0000000706200000| Untracked 
|  31|0x0000000706300000, 0x0000000706300000, 0x0000000706400000|  0%| F|  |TAMS 0x0000000706300000, 0x0000000706300000| Untracked 
|  32|0x0000000706400000, 0x0000000706400000, 0x0000000706500000|  0%| F|  |TAMS 0x0000000706400000, 0x0000000706400000| Untracked 
|  33|0x0000000706500000, 0x0000000706500000, 0x0000000706600000|  0%| F|  |TAMS 0x0000000706500000, 0x0000000706500000| Untracked 
|  34|0x0000000706600000, 0x0000000706600000, 0x0000000706700000|  0%| F|  |TAMS 0x0000000706600000, 0x0000000706600000| Untracked 
|  35|0x0000000706700000, 0x0000000706700000, 0x0000000706800000|  0%| F|  |TAMS 0x0000000706700000, 0x0000000706700000| Untracked 
|  36|0x0000000706800000, 0x0000000706800000, 0x0000000706900000|  0%| F|  |TAMS 0x0000000706800000, 0x0000000706800000| Untracked 
|  37|0x0000000706900000, 0x0000000706900000, 0x0000000706a00000|  0%| F|  |TAMS 0x0000000706900000, 0x0000000706900000| Untracked 
|  38|0x0000000706a00000, 0x0000000706a00000, 0x0000000706b00000|  0%| F|  |TAMS 0x0000000706a00000, 0x0000000706a00000| Untracked 
|  39|0x0000000706b00000, 0x0000000706b00000, 0x0000000706c00000|  0%| F|  |TAMS 0x0000000706b00000, 0x0000000706b00000| Untracked 
|  40|0x0000000706c00000, 0x0000000706c00000, 0x0000000706d00000|  0%| F|  |TAMS 0x0000000706c00000, 0x0000000706c00000| Untracked 
|  41|0x0000000706d00000, 0x0000000706d00000, 0x0000000706e00000|  0%| F|  |TAMS 0x0000000706d00000, 0x0000000706d00000| Untracked 
|  42|0x0000000706e00000, 0x0000000706e00000, 0x0000000706f00000|  0%| F|  |TAMS 0x0000000706e00000, 0x0000000706e00000| Untracked 
|  43|0x0000000706f00000, 0x0000000706f00000, 0x0000000707000000|  0%| F|  |TAMS 0x0000000706f00000, 0x0000000706f00000| Untracked 
|  44|0x0000000707000000, 0x0000000707000000, 0x0000000707100000|  0%| F|  |TAMS 0x0000000707000000, 0x0000000707000000| Untracked 
|  45|0x0000000707100000, 0x0000000707100000, 0x0000000707200000|  0%| F|  |TAMS 0x0000000707100000, 0x0000000707100000| Untracked 
|  46|0x0000000707200000, 0x0000000707200000, 0x0000000707300000|  0%| F|  |TAMS 0x0000000707200000, 0x0000000707200000| Untracked 
|  47|0x0000000707300000, 0x0000000707300000, 0x0000000707400000|  0%| F|  |TAMS 0x0000000707300000, 0x0000000707300000| Untracked 
|  48|0x0000000707400000, 0x0000000707400000, 0x0000000707500000|  0%| F|  |TAMS 0x0000000707400000, 0x0000000707400000| Untracked 
|  49|0x0000000707500000, 0x0000000707500000, 0x0000000707600000|  0%| F|  |TAMS 0x0000000707500000, 0x0000000707500000| Untracked 
|  50|0x0000000707600000, 0x0000000707600000, 0x0000000707700000|  0%| F|  |TAMS 0x0000000707600000, 0x0000000707600000| Untracked 
|  51|0x0000000707700000, 0x0000000707700000, 0x0000000707800000|  0%| F|  |TAMS 0x0000000707700000, 0x0000000707700000| Untracked 
|  52|0x0000000707800000, 0x0000000707800000, 0x0000000707900000|  0%| F|  |TAMS 0x0000000707800000, 0x0000000707800000| Untracked 
|  53|0x0000000707900000, 0x0000000707900000, 0x0000000707a00000|  0%| F|  |TAMS 0x0000000707900000, 0x0000000707900000| Untracked 
|  54|0x0000000707a00000, 0x0000000707a00000, 0x0000000707b00000|  0%| F|  |TAMS 0x0000000707a00000, 0x0000000707a00000| Untracked 
|  55|0x0000000707b00000, 0x0000000707b00000, 0x0000000707c00000|  0%| F|  |TAMS 0x0000000707b00000, 0x0000000707b00000| Untracked 
|  56|0x0000000707c00000, 0x0000000707c00000, 0x0000000707d00000|  0%| F|  |TAMS 0x0000000707c00000, 0x0000000707c00000| Untracked 
|  57|0x0000000707d00000, 0x0000000707d00000, 0x0000000707e00000|  0%| F|  |TAMS 0x0000000707d00000, 0x0000000707d00000| Untracked 
|  58|0x0000000707e00000, 0x0000000707e00000, 0x0000000707f00000|  0%| F|  |TAMS 0x0000000707e00000, 0x0000000707e00000| Untracked 
|  59|0x0000000707f00000, 0x0000000707f00000, 0x0000000708000000|  0%| F|  |TAMS 0x0000000707f00000, 0x0000000707f00000| Untracked 
|  60|0x0000000708000000, 0x0000000708000000, 0x0000000708100000|  0%| F|  |TAMS 0x0000000708000000, 0x0000000708000000| Untracked 
|  61|0x0000000708100000, 0x0000000708100000, 0x0000000708200000|  0%| F|  |TAMS 0x0000000708100000, 0x0000000708100000| Untracked 
|  62|0x0000000708200000, 0x0000000708200000, 0x0000000708300000|  0%| F|  |TAMS 0x0000000708200000, 0x0000000708200000| Untracked 
|  63|0x0000000708300000, 0x0000000708300000, 0x0000000708400000|  0%| F|  |TAMS 0x0000000708300000, 0x0000000708300000| Untracked 
|  64|0x0000000708400000, 0x0000000708400000, 0x0000000708500000|  0%| F|  |TAMS 0x0000000708400000, 0x0000000708400000| Untracked 
|  65|0x0000000708500000, 0x0000000708500000, 0x0000000708600000|  0%| F|  |TAMS 0x0000000708500000, 0x0000000708500000| Untracked 
|  66|0x0000000708600000, 0x0000000708600000, 0x0000000708700000|  0%| F|  |TAMS 0x0000000708600000, 0x0000000708600000| Untracked 
|  67|0x0000000708700000, 0x0000000708700000, 0x0000000708800000|  0%| F|  |TAMS 0x0000000708700000, 0x0000000708700000| Untracked 
|  68|0x0000000708800000, 0x0000000708800000, 0x0000000708900000|  0%| F|  |TAMS 0x0000000708800000, 0x0000000708800000| Untracked 
|  69|0x0000000708900000, 0x0000000708900000, 0x0000000708a00000|  0%| F|  |TAMS 0x0000000708900000, 0x0000000708900000| Untracked 
|  70|0x0000000708a00000, 0x0000000708a00000, 0x0000000708b00000|  0%| F|  |TAMS 0x0000000708a00000, 0x0000000708a00000| Untracked 
|  71|0x0000000708b00000, 0x0000000708b00000, 0x0000000708c00000|  0%| F|  |TAMS 0x0000000708b00000, 0x0000000708b00000| Untracked 
|  72|0x0000000708c00000, 0x0000000708c00000, 0x0000000708d00000|  0%| F|  |TAMS 0x0000000708c00000, 0x0000000708c00000| Untracked 
|  73|0x0000000708d00000, 0x0000000708d00000, 0x0000000708e00000|  0%| F|  |TAMS 0x0000000708d00000, 0x0000000708d00000| Untracked 
|  74|0x0000000708e00000, 0x0000000708e00000, 0x0000000708f00000|  0%| F|  |TAMS 0x0000000708e00000, 0x0000000708e00000| Untracked 
|  75|0x0000000708f00000, 0x0000000708f00000, 0x0000000709000000|  0%| F|  |TAMS 0x0000000708f00000, 0x0000000708f00000| Untracked 
|  76|0x0000000709000000, 0x0000000709000000, 0x0000000709100000|  0%| F|  |TAMS 0x0000000709000000, 0x0000000709000000| Untracked 
|  77|0x0000000709100000, 0x0000000709100000, 0x0000000709200000|  0%| F|  |TAMS 0x0000000709100000, 0x0000000709100000| Untracked 
|  78|0x0000000709200000, 0x0000000709200000, 0x0000000709300000|  0%| F|  |TAMS 0x0000000709200000, 0x0000000709200000| Untracked 
|  79|0x0000000709300000, 0x0000000709300000, 0x0000000709400000|  0%| F|  |TAMS 0x0000000709300000, 0x0000000709300000| Untracked 
|  80|0x0000000709400000, 0x0000000709400000, 0x0000000709500000|  0%| F|  |TAMS 0x0000000709400000, 0x0000000709400000| Untracked 
|  81|0x0000000709500000, 0x0000000709500000, 0x0000000709600000|  0%| F|  |TAMS 0x0000000709500000, 0x0000000709500000| Untracked 
|  82|0x0000000709600000, 0x0000000709600000, 0x0000000709700000|  0%| F|  |TAMS 0x0000000709600000, 0x0000000709600000| Untracked 
|  83|0x0000000709700000, 0x0000000709700000, 0x0000000709800000|  0%| F|  |TAMS 0x0000000709700000, 0x0000000709700000| Untracked 
|  84|0x0000000709800000, 0x0000000709800000, 0x0000000709900000|  0%| F|  |TAMS 0x0000000709800000, 0x0000000709800000| Untracked 
|  85|0x0000000709900000, 0x0000000709900000, 0x0000000709a00000|  0%| F|  |TAMS 0x0000000709900000, 0x0000000709900000| Untracked 
|  86|0x0000000709a00000, 0x0000000709a00000, 0x0000000709b00000|  0%| F|  |TAMS 0x0000000709a00000, 0x0000000709a00000| Untracked 
|  87|0x0000000709b00000, 0x0000000709b00000, 0x0000000709c00000|  0%| F|  |TAMS 0x0000000709b00000, 0x0000000709b00000| Untracked 
|  88|0x0000000709c00000, 0x0000000709c00000, 0x0000000709d00000|  0%| F|  |TAMS 0x0000000709c00000, 0x0000000709c00000| Untracked 
|  89|0x0000000709d00000, 0x0000000709d6c540, 0x0000000709e00000| 42%| S|CS|TAMS 0x0000000709d00000, 0x0000000709d00000| Complete 
|  90|0x0000000709e00000, 0x0000000709f00000, 0x0000000709f00000|100%| S|CS|TAMS 0x0000000709e00000, 0x0000000709e00000| Complete 
|  91|0x0000000709f00000, 0x000000070a000000, 0x000000070a000000|100%| S|CS|TAMS 0x0000000709f00000, 0x0000000709f00000| Complete 
|  92|0x000000070a000000, 0x000000070a100000, 0x000000070a100000|100%| S|CS|TAMS 0x000000070a000000, 0x000000070a000000| Complete 
|  93|0x000000070a100000, 0x000000070a200000, 0x000000070a200000|100%| S|CS|TAMS 0x000000070a100000, 0x000000070a100000| Complete 
|  94|0x000000070a200000, 0x000000070a300000, 0x000000070a300000|100%| S|CS|TAMS 0x000000070a200000, 0x000000070a200000| Complete 
|  95|0x000000070a300000, 0x000000070a400000, 0x000000070a400000|100%| S|CS|TAMS 0x000000070a300000, 0x000000070a300000| Complete 
|  96|0x000000070a400000, 0x000000070a500000, 0x000000070a500000|100%| S|CS|TAMS 0x000000070a400000, 0x000000070a400000| Complete 
|  97|0x000000070a500000, 0x000000070a600000, 0x000000070a600000|100%| S|CS|TAMS 0x000000070a500000, 0x000000070a500000| Complete 
|  98|0x000000070a600000, 0x000000070a700000, 0x000000070a700000|100%| S|CS|TAMS 0x000000070a600000, 0x000000070a600000| Complete 
|  99|0x000000070a700000, 0x000000070a800000, 0x000000070a800000|100%| S|CS|TAMS 0x000000070a700000, 0x000000070a700000| Complete 
| 100|0x000000070a800000, 0x000000070a900000, 0x000000070a900000|100%| S|CS|TAMS 0x000000070a800000, 0x000000070a800000| Complete 
| 101|0x000000070a900000, 0x000000070a900000, 0x000000070aa00000|  0%| F|  |TAMS 0x000000070a900000, 0x000000070a900000| Untracked 
| 102|0x000000070aa00000, 0x000000070aa00000, 0x000000070ab00000|  0%| F|  |TAMS 0x000000070aa00000, 0x000000070aa00000| Untracked 
| 103|0x000000070ab00000, 0x000000070ab00000, 0x000000070ac00000|  0%| F|  |TAMS 0x000000070ab00000, 0x000000070ab00000| Untracked 
| 104|0x000000070ac00000, 0x000000070ac00000, 0x000000070ad00000|  0%| F|  |TAMS 0x000000070ac00000, 0x000000070ac00000| Untracked 
| 105|0x000000070ad00000, 0x000000070ad00000, 0x000000070ae00000|  0%| F|  |TAMS 0x000000070ad00000, 0x000000070ad00000| Untracked 
| 106|0x000000070ae00000, 0x000000070ae00000, 0x000000070af00000|  0%| F|  |TAMS 0x000000070ae00000, 0x000000070ae00000| Untracked 
| 107|0x000000070af00000, 0x000000070af00000, 0x000000070b000000|  0%| F|  |TAMS 0x000000070af00000, 0x000000070af00000| Untracked 
| 108|0x000000070b000000, 0x000000070b000000, 0x000000070b100000|  0%| F|  |TAMS 0x000000070b000000, 0x000000070b000000| Untracked 
| 109|0x000000070b100000, 0x000000070b100000, 0x000000070b200000|  0%| F|  |TAMS 0x000000070b100000, 0x000000070b100000| Untracked 
| 110|0x000000070b200000, 0x000000070b200000, 0x000000070b300000|  0%| F|  |TAMS 0x000000070b200000, 0x000000070b200000| Untracked 
| 111|0x000000070b300000, 0x000000070b300000, 0x000000070b400000|  0%| F|  |TAMS 0x000000070b300000, 0x000000070b300000| Untracked 
| 112|0x000000070b400000, 0x000000070b400000, 0x000000070b500000|  0%| F|  |TAMS 0x000000070b400000, 0x000000070b400000| Untracked 
| 113|0x000000070b500000, 0x000000070b500000, 0x000000070b600000|  0%| F|  |TAMS 0x000000070b500000, 0x000000070b500000| Untracked 
| 114|0x000000070b600000, 0x000000070b600000, 0x000000070b700000|  0%| F|  |TAMS 0x000000070b600000, 0x000000070b600000| Untracked 
| 115|0x000000070b700000, 0x000000070b700000, 0x000000070b800000|  0%| F|  |TAMS 0x000000070b700000, 0x000000070b700000| Untracked 
| 116|0x000000070b800000, 0x000000070b800000, 0x000000070b900000|  0%| F|  |TAMS 0x000000070b800000, 0x000000070b800000| Untracked 
| 117|0x000000070b900000, 0x000000070b900000, 0x000000070ba00000|  0%| F|  |TAMS 0x000000070b900000, 0x000000070b900000| Untracked 
| 118|0x000000070ba00000, 0x000000070ba00000, 0x000000070bb00000|  0%| F|  |TAMS 0x000000070ba00000, 0x000000070ba00000| Untracked 
| 119|0x000000070bb00000, 0x000000070bb00000, 0x000000070bc00000|  0%| F|  |TAMS 0x000000070bb00000, 0x000000070bb00000| Untracked 
| 120|0x000000070bc00000, 0x000000070bc00000, 0x000000070bd00000|  0%| F|  |TAMS 0x000000070bc00000, 0x000000070bc00000| Untracked 
| 121|0x000000070bd00000, 0x000000070bd00000, 0x000000070be00000|  0%| F|  |TAMS 0x000000070bd00000, 0x000000070bd00000| Untracked 
| 122|0x000000070be00000, 0x000000070be00000, 0x000000070bf00000|  0%| F|  |TAMS 0x000000070be00000, 0x000000070be00000| Untracked 
| 123|0x000000070bf00000, 0x000000070bf00000, 0x000000070c000000|  0%| F|  |TAMS 0x000000070bf00000, 0x000000070bf00000| Untracked 
| 124|0x000000070c000000, 0x000000070c000000, 0x000000070c100000|  0%| F|  |TAMS 0x000000070c000000, 0x000000070c000000| Untracked 
| 125|0x000000070c100000, 0x000000070c100000, 0x000000070c200000|  0%| F|  |TAMS 0x000000070c100000, 0x000000070c100000| Untracked 
| 126|0x000000070c200000, 0x000000070c200000, 0x000000070c300000|  0%| F|  |TAMS 0x000000070c200000, 0x000000070c200000| Untracked 
| 127|0x000000070c300000, 0x000000070c300000, 0x000000070c400000|  0%| F|  |TAMS 0x000000070c300000, 0x000000070c300000| Untracked 
| 128|0x000000070c400000, 0x000000070c400000, 0x000000070c500000|  0%| F|  |TAMS 0x000000070c400000, 0x000000070c400000| Untracked 
| 129|0x000000070c500000, 0x000000070c500000, 0x000000070c600000|  0%| F|  |TAMS 0x000000070c500000, 0x000000070c500000| Untracked 
| 130|0x000000070c600000, 0x000000070c600000, 0x000000070c700000|  0%| F|  |TAMS 0x000000070c600000, 0x000000070c600000| Untracked 
| 131|0x000000070c700000, 0x000000070c700000, 0x000000070c800000|  0%| F|  |TAMS 0x000000070c700000, 0x000000070c700000| Untracked 
| 132|0x000000070c800000, 0x000000070c800000, 0x000000070c900000|  0%| F|  |TAMS 0x000000070c800000, 0x000000070c800000| Untracked 
| 133|0x000000070c900000, 0x000000070c900000, 0x000000070ca00000|  0%| F|  |TAMS 0x000000070c900000, 0x000000070c900000| Untracked 
| 134|0x000000070ca00000, 0x000000070ca00000, 0x000000070cb00000|  0%| F|  |TAMS 0x000000070ca00000, 0x000000070ca00000| Untracked 
| 135|0x000000070cb00000, 0x000000070cb00000, 0x000000070cc00000|  0%| F|  |TAMS 0x000000070cb00000, 0x000000070cb00000| Untracked 
| 136|0x000000070cc00000, 0x000000070cc00000, 0x000000070cd00000|  0%| F|  |TAMS 0x000000070cc00000, 0x000000070cc00000| Untracked 
| 137|0x000000070cd00000, 0x000000070cd00000, 0x000000070ce00000|  0%| F|  |TAMS 0x000000070cd00000, 0x000000070cd00000| Untracked 
| 138|0x000000070ce00000, 0x000000070ce00000, 0x000000070cf00000|  0%| F|  |TAMS 0x000000070ce00000, 0x000000070ce00000| Untracked 
| 139|0x000000070cf00000, 0x000000070cf00000, 0x000000070d000000|  0%| F|  |TAMS 0x000000070cf00000, 0x000000070cf00000| Untracked 
| 140|0x000000070d000000, 0x000000070d000000, 0x000000070d100000|  0%| F|  |TAMS 0x000000070d000000, 0x000000070d000000| Untracked 
| 141|0x000000070d100000, 0x000000070d100000, 0x000000070d200000|  0%| F|  |TAMS 0x000000070d100000, 0x000000070d100000| Untracked 
| 142|0x000000070d200000, 0x000000070d200000, 0x000000070d300000|  0%| F|  |TAMS 0x000000070d200000, 0x000000070d200000| Untracked 
| 143|0x000000070d300000, 0x000000070d300000, 0x000000070d400000|  0%| F|  |TAMS 0x000000070d300000, 0x000000070d300000| Untracked 
| 144|0x000000070d400000, 0x000000070d400000, 0x000000070d500000|  0%| F|  |TAMS 0x000000070d400000, 0x000000070d400000| Untracked 
| 145|0x000000070d500000, 0x000000070d500000, 0x000000070d600000|  0%| F|  |TAMS 0x000000070d500000, 0x000000070d500000| Untracked 
| 146|0x000000070d600000, 0x000000070d600000, 0x000000070d700000|  0%| F|  |TAMS 0x000000070d600000, 0x000000070d600000| Untracked 
| 147|0x000000070d700000, 0x000000070d700000, 0x000000070d800000|  0%| F|  |TAMS 0x000000070d700000, 0x000000070d700000| Untracked 
| 148|0x000000070d800000, 0x000000070d800000, 0x000000070d900000|  0%| F|  |TAMS 0x000000070d800000, 0x000000070d800000| Untracked 
| 149|0x000000070d900000, 0x000000070d900000, 0x000000070da00000|  0%| F|  |TAMS 0x000000070d900000, 0x000000070d900000| Untracked 
| 150|0x000000070da00000, 0x000000070da00000, 0x000000070db00000|  0%| F|  |TAMS 0x000000070da00000, 0x000000070da00000| Untracked 
| 151|0x000000070db00000, 0x000000070db00000, 0x000000070dc00000|  0%| F|  |TAMS 0x000000070db00000, 0x000000070db00000| Untracked 
| 152|0x000000070dc00000, 0x000000070dc00000, 0x000000070dd00000|  0%| F|  |TAMS 0x000000070dc00000, 0x000000070dc00000| Untracked 
| 153|0x000000070dd00000, 0x000000070dd00000, 0x000000070de00000|  0%| F|  |TAMS 0x000000070dd00000, 0x000000070dd00000| Untracked 
| 154|0x000000070de00000, 0x000000070de00000, 0x000000070df00000|  0%| F|  |TAMS 0x000000070de00000, 0x000000070de00000| Untracked 
| 155|0x000000070df00000, 0x000000070df00000, 0x000000070e000000|  0%| F|  |TAMS 0x000000070df00000, 0x000000070df00000| Untracked 
| 156|0x000000070e000000, 0x000000070e000000, 0x000000070e100000|  0%| F|  |TAMS 0x000000070e000000, 0x000000070e000000| Untracked 
| 157|0x000000070e100000, 0x000000070e100000, 0x000000070e200000|  0%| F|  |TAMS 0x000000070e100000, 0x000000070e100000| Untracked 
| 158|0x000000070e200000, 0x000000070e200000, 0x000000070e300000|  0%| F|  |TAMS 0x000000070e200000, 0x000000070e200000| Untracked 
| 159|0x000000070e300000, 0x000000070e300000, 0x000000070e400000|  0%| F|  |TAMS 0x000000070e300000, 0x000000070e300000| Untracked 
| 160|0x000000070e400000, 0x000000070e400000, 0x000000070e500000|  0%| F|  |TAMS 0x000000070e400000, 0x000000070e400000| Untracked 
| 161|0x000000070e500000, 0x000000070e500000, 0x000000070e600000|  0%| F|  |TAMS 0x000000070e500000, 0x000000070e500000| Untracked 
| 162|0x000000070e600000, 0x000000070e600000, 0x000000070e700000|  0%| F|  |TAMS 0x000000070e600000, 0x000000070e600000| Untracked 
| 163|0x000000070e700000, 0x000000070e700000, 0x000000070e800000|  0%| F|  |TAMS 0x000000070e700000, 0x000000070e700000| Untracked 
| 164|0x000000070e800000, 0x000000070e800000, 0x000000070e900000|  0%| F|  |TAMS 0x000000070e800000, 0x000000070e800000| Untracked 
| 165|0x000000070e900000, 0x000000070e900000, 0x000000070ea00000|  0%| F|  |TAMS 0x000000070e900000, 0x000000070e900000| Untracked 
| 166|0x000000070ea00000, 0x000000070ea00000, 0x000000070eb00000|  0%| F|  |TAMS 0x000000070ea00000, 0x000000070ea00000| Untracked 
| 167|0x000000070eb00000, 0x000000070eb00000, 0x000000070ec00000|  0%| F|  |TAMS 0x000000070eb00000, 0x000000070eb00000| Untracked 
| 168|0x000000070ec00000, 0x000000070ec00000, 0x000000070ed00000|  0%| F|  |TAMS 0x000000070ec00000, 0x000000070ec00000| Untracked 
| 169|0x000000070ed00000, 0x000000070ed00000, 0x000000070ee00000|  0%| F|  |TAMS 0x000000070ed00000, 0x000000070ed00000| Untracked 
| 170|0x000000070ee00000, 0x000000070ee00000, 0x000000070ef00000|  0%| F|  |TAMS 0x000000070ee00000, 0x000000070ee00000| Untracked 
| 171|0x000000070ef00000, 0x000000070ef00000, 0x000000070f000000|  0%| F|  |TAMS 0x000000070ef00000, 0x000000070ef00000| Untracked 
| 172|0x000000070f000000, 0x000000070f000000, 0x000000070f100000|  0%| F|  |TAMS 0x000000070f000000, 0x000000070f000000| Untracked 
| 173|0x000000070f100000, 0x000000070f100000, 0x000000070f200000|  0%| F|  |TAMS 0x000000070f100000, 0x000000070f100000| Untracked 
| 174|0x000000070f200000, 0x000000070f200000, 0x000000070f300000|  0%| F|  |TAMS 0x000000070f200000, 0x000000070f200000| Untracked 
| 175|0x000000070f300000, 0x000000070f300000, 0x000000070f400000|  0%| F|  |TAMS 0x000000070f300000, 0x000000070f300000| Untracked 
| 176|0x000000070f400000, 0x000000070f400000, 0x000000070f500000|  0%| F|  |TAMS 0x000000070f400000, 0x000000070f400000| Untracked 
| 177|0x000000070f500000, 0x000000070f500000, 0x000000070f600000|  0%| F|  |TAMS 0x000000070f500000, 0x000000070f500000| Untracked 
| 178|0x000000070f600000, 0x000000070f600000, 0x000000070f700000|  0%| F|  |TAMS 0x000000070f600000, 0x000000070f600000| Untracked 
| 179|0x000000070f700000, 0x000000070f700000, 0x000000070f800000|  0%| F|  |TAMS 0x000000070f700000, 0x000000070f700000| Untracked 
| 180|0x000000070f800000, 0x000000070f800000, 0x000000070f900000|  0%| F|  |TAMS 0x000000070f800000, 0x000000070f800000| Untracked 
| 181|0x000000070f900000, 0x000000070f900000, 0x000000070fa00000|  0%| F|  |TAMS 0x000000070f900000, 0x000000070f900000| Untracked 
| 182|0x000000070fa00000, 0x000000070fa00000, 0x000000070fb00000|  0%| F|  |TAMS 0x000000070fa00000, 0x000000070fa00000| Untracked 
| 183|0x000000070fb00000, 0x000000070fb00000, 0x000000070fc00000|  0%| F|  |TAMS 0x000000070fb00000, 0x000000070fb00000| Untracked 
| 184|0x000000070fc00000, 0x000000070fc00000, 0x000000070fd00000|  0%| F|  |TAMS 0x000000070fc00000, 0x000000070fc00000| Untracked 
| 185|0x000000070fd00000, 0x000000070fd00000, 0x000000070fe00000|  0%| F|  |TAMS 0x000000070fd00000, 0x000000070fd00000| Untracked 
| 186|0x000000070fe00000, 0x000000070fe00000, 0x000000070ff00000|  0%| F|  |TAMS 0x000000070fe00000, 0x000000070fe00000| Untracked 
| 187|0x000000070ff00000, 0x000000070ff00000, 0x0000000710000000|  0%| F|  |TAMS 0x000000070ff00000, 0x000000070ff00000| Untracked 
| 188|0x0000000710000000, 0x0000000710000000, 0x0000000710100000|  0%| F|  |TAMS 0x0000000710000000, 0x0000000710000000| Untracked 
| 189|0x0000000710100000, 0x0000000710100000, 0x0000000710200000|  0%| F|  |TAMS 0x0000000710100000, 0x0000000710100000| Untracked 
| 190|0x0000000710200000, 0x0000000710200000, 0x0000000710300000|  0%| F|  |TAMS 0x0000000710200000, 0x0000000710200000| Untracked 
| 191|0x0000000710300000, 0x0000000710300000, 0x0000000710400000|  0%| F|  |TAMS 0x0000000710300000, 0x0000000710300000| Untracked 
| 192|0x0000000710400000, 0x0000000710400000, 0x0000000710500000|  0%| F|  |TAMS 0x0000000710400000, 0x0000000710400000| Untracked 
| 193|0x0000000710500000, 0x0000000710500000, 0x0000000710600000|  0%| F|  |TAMS 0x0000000710500000, 0x0000000710500000| Untracked 
| 194|0x0000000710600000, 0x0000000710600000, 0x0000000710700000|  0%| F|  |TAMS 0x0000000710600000, 0x0000000710600000| Untracked 
| 195|0x0000000710700000, 0x0000000710700000, 0x0000000710800000|  0%| F|  |TAMS 0x0000000710700000, 0x0000000710700000| Untracked 
| 196|0x0000000710800000, 0x0000000710800000, 0x0000000710900000|  0%| F|  |TAMS 0x0000000710800000, 0x0000000710800000| Untracked 
| 197|0x0000000710900000, 0x0000000710900000, 0x0000000710a00000|  0%| F|  |TAMS 0x0000000710900000, 0x0000000710900000| Untracked 
| 198|0x0000000710a00000, 0x0000000710a00000, 0x0000000710b00000|  0%| F|  |TAMS 0x0000000710a00000, 0x0000000710a00000| Untracked 
| 199|0x0000000710b00000, 0x0000000710b00000, 0x0000000710c00000|  0%| F|  |TAMS 0x0000000710b00000, 0x0000000710b00000| Untracked 
| 200|0x0000000710c00000, 0x0000000710c00000, 0x0000000710d00000|  0%| F|  |TAMS 0x0000000710c00000, 0x0000000710c00000| Untracked 
| 201|0x0000000710d00000, 0x0000000710d00000, 0x0000000710e00000|  0%| F|  |TAMS 0x0000000710d00000, 0x0000000710d00000| Untracked 
| 202|0x0000000710e00000, 0x0000000710e00000, 0x0000000710f00000|  0%| F|  |TAMS 0x0000000710e00000, 0x0000000710e00000| Untracked 
| 203|0x0000000710f00000, 0x0000000710f00000, 0x0000000711000000|  0%| F|  |TAMS 0x0000000710f00000, 0x0000000710f00000| Untracked 
| 204|0x0000000711000000, 0x0000000711000000, 0x0000000711100000|  0%| F|  |TAMS 0x0000000711000000, 0x0000000711000000| Untracked 
| 205|0x0000000711100000, 0x0000000711100000, 0x0000000711200000|  0%| F|  |TAMS 0x0000000711100000, 0x0000000711100000| Untracked 
| 206|0x0000000711200000, 0x0000000711200000, 0x0000000711300000|  0%| F|  |TAMS 0x0000000711200000, 0x0000000711200000| Untracked 
| 207|0x0000000711300000, 0x0000000711300000, 0x0000000711400000|  0%| F|  |TAMS 0x0000000711300000, 0x0000000711300000| Untracked 
| 208|0x0000000711400000, 0x0000000711400000, 0x0000000711500000|  0%| F|  |TAMS 0x0000000711400000, 0x0000000711400000| Untracked 
| 209|0x0000000711500000, 0x0000000711500000, 0x0000000711600000|  0%| F|  |TAMS 0x0000000711500000, 0x0000000711500000| Untracked 
| 210|0x0000000711600000, 0x0000000711600000, 0x0000000711700000|  0%| F|  |TAMS 0x0000000711600000, 0x0000000711600000| Untracked 
| 211|0x0000000711700000, 0x0000000711700000, 0x0000000711800000|  0%| F|  |TAMS 0x0000000711700000, 0x0000000711700000| Untracked 
| 212|0x0000000711800000, 0x0000000711800000, 0x0000000711900000|  0%| F|  |TAMS 0x0000000711800000, 0x0000000711800000| Untracked 
| 213|0x0000000711900000, 0x0000000711900000, 0x0000000711a00000|  0%| F|  |TAMS 0x0000000711900000, 0x0000000711900000| Untracked 
| 214|0x0000000711a00000, 0x0000000711a00000, 0x0000000711b00000|  0%| F|  |TAMS 0x0000000711a00000, 0x0000000711a00000| Untracked 
| 215|0x0000000711b00000, 0x0000000711b00000, 0x0000000711c00000|  0%| F|  |TAMS 0x0000000711b00000, 0x0000000711b00000| Untracked 
| 216|0x0000000711c00000, 0x0000000711c00000, 0x0000000711d00000|  0%| F|  |TAMS 0x0000000711c00000, 0x0000000711c00000| Untracked 
| 217|0x0000000711d00000, 0x0000000711d00000, 0x0000000711e00000|  0%| F|  |TAMS 0x0000000711d00000, 0x0000000711d00000| Untracked 
| 218|0x0000000711e00000, 0x0000000711e00000, 0x0000000711f00000|  0%| F|  |TAMS 0x0000000711e00000, 0x0000000711e00000| Untracked 
| 219|0x0000000711f00000, 0x0000000711f00000, 0x0000000712000000|  0%| F|  |TAMS 0x0000000711f00000, 0x0000000711f00000| Untracked 
| 220|0x0000000712000000, 0x0000000712000000, 0x0000000712100000|  0%| F|  |TAMS 0x0000000712000000, 0x0000000712000000| Untracked 
| 221|0x0000000712100000, 0x0000000712100000, 0x0000000712200000|  0%| F|  |TAMS 0x0000000712100000, 0x0000000712100000| Untracked 
| 222|0x0000000712200000, 0x0000000712200000, 0x0000000712300000|  0%| F|  |TAMS 0x0000000712200000, 0x0000000712200000| Untracked 
| 223|0x0000000712300000, 0x0000000712300000, 0x0000000712400000|  0%| F|  |TAMS 0x0000000712300000, 0x0000000712300000| Untracked 
| 224|0x0000000712400000, 0x0000000712400000, 0x0000000712500000|  0%| F|  |TAMS 0x0000000712400000, 0x0000000712400000| Untracked 
| 225|0x0000000712500000, 0x0000000712500000, 0x0000000712600000|  0%| F|  |TAMS 0x0000000712500000, 0x0000000712500000| Untracked 
| 226|0x0000000712600000, 0x0000000712600000, 0x0000000712700000|  0%| F|  |TAMS 0x0000000712600000, 0x0000000712600000| Untracked 
| 227|0x0000000712700000, 0x0000000712700000, 0x0000000712800000|  0%| F|  |TAMS 0x0000000712700000, 0x0000000712700000| Untracked 
| 228|0x0000000712800000, 0x0000000712800000, 0x0000000712900000|  0%| F|  |TAMS 0x0000000712800000, 0x0000000712800000| Untracked 
| 229|0x0000000712900000, 0x0000000712900000, 0x0000000712a00000|  0%| F|  |TAMS 0x0000000712900000, 0x0000000712900000| Untracked 
| 230|0x0000000712a00000, 0x0000000712a00000, 0x0000000712b00000|  0%| F|  |TAMS 0x0000000712a00000, 0x0000000712a00000| Untracked 
| 231|0x0000000712b00000, 0x0000000712b00000, 0x0000000712c00000|  0%| F|  |TAMS 0x0000000712b00000, 0x0000000712b00000| Untracked 
| 232|0x0000000712c00000, 0x0000000712c00000, 0x0000000712d00000|  0%| F|  |TAMS 0x0000000712c00000, 0x0000000712c00000| Untracked 
| 233|0x0000000712d00000, 0x0000000712d00000, 0x0000000712e00000|  0%| F|  |TAMS 0x0000000712d00000, 0x0000000712d00000| Untracked 
| 234|0x0000000712e00000, 0x0000000712e00000, 0x0000000712f00000|  0%| F|  |TAMS 0x0000000712e00000, 0x0000000712e00000| Untracked 
| 235|0x0000000712f00000, 0x0000000712f00000, 0x0000000713000000|  0%| F|  |TAMS 0x0000000712f00000, 0x0000000712f00000| Untracked 
| 236|0x0000000713000000, 0x0000000713000000, 0x0000000713100000|  0%| F|  |TAMS 0x0000000713000000, 0x0000000713000000| Untracked 
| 237|0x0000000713100000, 0x0000000713100000, 0x0000000713200000|  0%| F|  |TAMS 0x0000000713100000, 0x0000000713100000| Untracked 
| 238|0x0000000713200000, 0x0000000713200000, 0x0000000713300000|  0%| F|  |TAMS 0x0000000713200000, 0x0000000713200000| Untracked 
| 239|0x0000000713300000, 0x0000000713300000, 0x0000000713400000|  0%| F|  |TAMS 0x0000000713300000, 0x0000000713300000| Untracked 
| 240|0x0000000713400000, 0x0000000713400000, 0x0000000713500000|  0%| F|  |TAMS 0x0000000713400000, 0x0000000713400000| Untracked 
| 241|0x0000000713500000, 0x0000000713500000, 0x0000000713600000|  0%| F|  |TAMS 0x0000000713500000, 0x0000000713500000| Untracked 
| 242|0x0000000713600000, 0x0000000713600000, 0x0000000713700000|  0%| F|  |TAMS 0x0000000713600000, 0x0000000713600000| Untracked 
| 243|0x0000000713700000, 0x0000000713700000, 0x0000000713800000|  0%| F|  |TAMS 0x0000000713700000, 0x0000000713700000| Untracked 
| 244|0x0000000713800000, 0x0000000713800000, 0x0000000713900000|  0%| F|  |TAMS 0x0000000713800000, 0x0000000713800000| Untracked 
| 245|0x0000000713900000, 0x0000000713900000, 0x0000000713a00000|  0%| F|  |TAMS 0x0000000713900000, 0x0000000713900000| Untracked 
| 246|0x0000000713a00000, 0x0000000713a00000, 0x0000000713b00000|  0%| F|  |TAMS 0x0000000713a00000, 0x0000000713a00000| Untracked 
| 247|0x0000000713b00000, 0x0000000713b00000, 0x0000000713c00000|  0%| F|  |TAMS 0x0000000713b00000, 0x0000000713b00000| Untracked 
| 248|0x0000000713c00000, 0x0000000713c00000, 0x0000000713d00000|  0%| F|  |TAMS 0x0000000713c00000, 0x0000000713c00000| Untracked 
| 249|0x0000000713d00000, 0x0000000713e00000, 0x0000000713e00000|100%| E|  |TAMS 0x0000000713d00000, 0x0000000713d00000| Complete 
| 250|0x0000000713e00000, 0x0000000713f00000, 0x0000000713f00000|100%| E|CS|TAMS 0x0000000713e00000, 0x0000000713e00000| Complete 
| 251|0x0000000713f00000, 0x0000000714000000, 0x0000000714000000|100%| E|CS|TAMS 0x0000000713f00000, 0x0000000713f00000| Complete 
| 252|0x0000000714000000, 0x0000000714100000, 0x0000000714100000|100%| E|CS|TAMS 0x0000000714000000, 0x0000000714000000| Complete 
| 253|0x0000000714100000, 0x0000000714200000, 0x0000000714200000|100%| E|CS|TAMS 0x0000000714100000, 0x0000000714100000| Complete 
| 254|0x0000000714200000, 0x0000000714300000, 0x0000000714300000|100%| E|CS|TAMS 0x0000000714200000, 0x0000000714200000| Complete 
| 255|0x0000000714300000, 0x0000000714400000, 0x0000000714400000|100%| E|CS|TAMS 0x0000000714300000, 0x0000000714300000| Complete 
| 256|0x0000000714400000, 0x0000000714500000, 0x0000000714500000|100%| E|CS|TAMS 0x0000000714400000, 0x0000000714400000| Complete 
| 257|0x0000000714500000, 0x0000000714600000, 0x0000000714600000|100%| E|CS|TAMS 0x0000000714500000, 0x0000000714500000| Complete 
| 258|0x0000000714600000, 0x0000000714700000, 0x0000000714700000|100%| E|CS|TAMS 0x0000000714600000, 0x0000000714600000| Complete 
| 259|0x0000000714700000, 0x0000000714800000, 0x0000000714800000|100%| E|CS|TAMS 0x0000000714700000, 0x0000000714700000| Complete 
| 260|0x0000000714800000, 0x0000000714900000, 0x0000000714900000|100%| E|CS|TAMS 0x0000000714800000, 0x0000000714800000| Complete 
| 261|0x0000000714900000, 0x0000000714a00000, 0x0000000714a00000|100%| E|CS|TAMS 0x0000000714900000, 0x0000000714900000| Complete 
| 262|0x0000000714a00000, 0x0000000714b00000, 0x0000000714b00000|100%| E|CS|TAMS 0x0000000714a00000, 0x0000000714a00000| Complete 
| 263|0x0000000714b00000, 0x0000000714c00000, 0x0000000714c00000|100%| E|CS|TAMS 0x0000000714b00000, 0x0000000714b00000| Complete 
| 264|0x0000000714c00000, 0x0000000714d00000, 0x0000000714d00000|100%| E|CS|TAMS 0x0000000714c00000, 0x0000000714c00000| Complete 
| 265|0x0000000714d00000, 0x0000000714e00000, 0x0000000714e00000|100%| E|CS|TAMS 0x0000000714d00000, 0x0000000714d00000| Complete 
| 266|0x0000000714e00000, 0x0000000714f00000, 0x0000000714f00000|100%| E|CS|TAMS 0x0000000714e00000, 0x0000000714e00000| Complete 
| 267|0x0000000714f00000, 0x0000000715000000, 0x0000000715000000|100%| E|CS|TAMS 0x0000000714f00000, 0x0000000714f00000| Complete 
| 268|0x0000000715000000, 0x0000000715100000, 0x0000000715100000|100%| E|CS|TAMS 0x0000000715000000, 0x0000000715000000| Complete 
| 269|0x0000000715100000, 0x0000000715200000, 0x0000000715200000|100%| E|CS|TAMS 0x0000000715100000, 0x0000000715100000| Complete 
| 270|0x0000000715200000, 0x0000000715300000, 0x0000000715300000|100%| E|CS|TAMS 0x0000000715200000, 0x0000000715200000| Complete 
| 271|0x0000000715300000, 0x0000000715400000, 0x0000000715400000|100%| E|CS|TAMS 0x0000000715300000, 0x0000000715300000| Complete 
| 272|0x0000000715400000, 0x0000000715500000, 0x0000000715500000|100%| E|CS|TAMS 0x0000000715400000, 0x0000000715400000| Complete 
| 273|0x0000000715500000, 0x0000000715600000, 0x0000000715600000|100%| E|CS|TAMS 0x0000000715500000, 0x0000000715500000| Complete 
| 274|0x0000000715600000, 0x0000000715700000, 0x0000000715700000|100%| E|CS|TAMS 0x0000000715600000, 0x0000000715600000| Complete 
| 275|0x0000000715700000, 0x0000000715800000, 0x0000000715800000|100%| E|CS|TAMS 0x0000000715700000, 0x0000000715700000| Complete 
| 276|0x0000000715800000, 0x0000000715900000, 0x0000000715900000|100%| E|CS|TAMS 0x0000000715800000, 0x0000000715800000| Complete 
| 277|0x0000000715900000, 0x0000000715a00000, 0x0000000715a00000|100%| E|CS|TAMS 0x0000000715900000, 0x0000000715900000| Complete 
| 278|0x0000000715a00000, 0x0000000715b00000, 0x0000000715b00000|100%| E|CS|TAMS 0x0000000715a00000, 0x0000000715a00000| Complete 
| 279|0x0000000715b00000, 0x0000000715c00000, 0x0000000715c00000|100%| E|CS|TAMS 0x0000000715b00000, 0x0000000715b00000| Complete 
| 280|0x0000000715c00000, 0x0000000715d00000, 0x0000000715d00000|100%| E|CS|TAMS 0x0000000715c00000, 0x0000000715c00000| Complete 
| 281|0x0000000715d00000, 0x0000000715e00000, 0x0000000715e00000|100%| E|CS|TAMS 0x0000000715d00000, 0x0000000715d00000| Complete 
| 282|0x0000000715e00000, 0x0000000715f00000, 0x0000000715f00000|100%| E|CS|TAMS 0x0000000715e00000, 0x0000000715e00000| Complete 
| 283|0x0000000715f00000, 0x0000000716000000, 0x0000000716000000|100%| E|CS|TAMS 0x0000000715f00000, 0x0000000715f00000| Complete 
| 284|0x0000000716000000, 0x0000000716100000, 0x0000000716100000|100%| E|CS|TAMS 0x0000000716000000, 0x0000000716000000| Complete 
| 285|0x0000000716100000, 0x0000000716200000, 0x0000000716200000|100%| E|CS|TAMS 0x0000000716100000, 0x0000000716100000| Complete 
| 286|0x0000000716200000, 0x0000000716300000, 0x0000000716300000|100%| E|CS|TAMS 0x0000000716200000, 0x0000000716200000| Complete 
| 287|0x0000000716300000, 0x0000000716400000, 0x0000000716400000|100%| E|CS|TAMS 0x0000000716300000, 0x0000000716300000| Complete 
| 288|0x0000000716400000, 0x0000000716500000, 0x0000000716500000|100%| E|CS|TAMS 0x0000000716400000, 0x0000000716400000| Complete 
| 289|0x0000000716500000, 0x0000000716600000, 0x0000000716600000|100%| E|CS|TAMS 0x0000000716500000, 0x0000000716500000| Complete 
| 290|0x0000000716600000, 0x0000000716700000, 0x0000000716700000|100%| E|CS|TAMS 0x0000000716600000, 0x0000000716600000| Complete 
| 291|0x0000000716700000, 0x0000000716800000, 0x0000000716800000|100%| E|CS|TAMS 0x0000000716700000, 0x0000000716700000| Complete 
| 292|0x0000000716800000, 0x0000000716900000, 0x0000000716900000|100%| E|CS|TAMS 0x0000000716800000, 0x0000000716800000| Complete 
| 293|0x0000000716900000, 0x0000000716a00000, 0x0000000716a00000|100%| E|CS|TAMS 0x0000000716900000, 0x0000000716900000| Complete 
| 294|0x0000000716a00000, 0x0000000716b00000, 0x0000000716b00000|100%| E|CS|TAMS 0x0000000716a00000, 0x0000000716a00000| Complete 
| 295|0x0000000716b00000, 0x0000000716c00000, 0x0000000716c00000|100%| E|CS|TAMS 0x0000000716b00000, 0x0000000716b00000| Complete 
| 296|0x0000000716c00000, 0x0000000716d00000, 0x0000000716d00000|100%| E|CS|TAMS 0x0000000716c00000, 0x0000000716c00000| Complete 
| 297|0x0000000716d00000, 0x0000000716e00000, 0x0000000716e00000|100%| E|CS|TAMS 0x0000000716d00000, 0x0000000716d00000| Complete 
| 298|0x0000000716e00000, 0x0000000716f00000, 0x0000000716f00000|100%| E|CS|TAMS 0x0000000716e00000, 0x0000000716e00000| Complete 
| 299|0x0000000716f00000, 0x0000000717000000, 0x0000000717000000|100%| E|CS|TAMS 0x0000000716f00000, 0x0000000716f00000| Complete 
| 300|0x0000000717000000, 0x0000000717100000, 0x0000000717100000|100%| E|CS|TAMS 0x0000000717000000, 0x0000000717000000| Complete 
| 301|0x0000000717100000, 0x0000000717200000, 0x0000000717200000|100%| E|CS|TAMS 0x0000000717100000, 0x0000000717100000| Complete 
| 302|0x0000000717200000, 0x0000000717300000, 0x0000000717300000|100%| E|CS|TAMS 0x0000000717200000, 0x0000000717200000| Complete 

Card table byte_map: [0x000001517b830000,0x000001517c010000] _byte_map_base: 0x000001517800e000

Marking Bits (Prev, Next): (CMBitMap*) 0x00000151722d3018, (CMBitMap*) 0x00000151722d3050
 Prev Bits: [0x000001510f000000, 0x0000015112ef0000)
 Next Bits: [0x0000015112ef0000, 0x0000015116de0000)

Polling page: 0x0000015172330000

Metaspace:

Usage:
  Non-class:     50.85 MB capacity,    50.17 MB ( 99%) used,   534.46 KB (  1%) free+waste,   167.13 KB ( <1%) overhead. 
      Class:      7.84 MB capacity,     7.33 MB ( 94%) used,   441.52 KB (  6%) free+waste,    77.81 KB ( <1%) overhead. 
       Both:     58.69 MB capacity,    57.50 MB ( 98%) used,   975.98 KB (  2%) free+waste,   244.94 KB ( <1%) overhead. 

Virtual space:
  Non-class space:       52.00 MB reserved,      50.88 MB ( 98%) committed 
      Class space:        1.00 GB reserved,       7.88 MB ( <1%) committed 
             Both:        1.05 GB reserved,      58.75 MB (  5%) committed 

Chunk freelists:
   Non-Class:  3.00 KB
       Class:  640 bytes
        Both:  3.63 KB

CodeHeap 'non-profiled nmethods': size=120000Kb used=3711Kb max_used=3711Kb free=116289Kb
 bounds [0x0000015107ad0000, 0x0000015107e70000, 0x000001510f000000]
CodeHeap 'profiled nmethods': size=120000Kb used=10231Kb max_used=10231Kb free=109769Kb
 bounds [0x00000151005a0000, 0x0000015100fb0000, 0x0000015107ad0000]
CodeHeap 'non-nmethods': size=5760Kb used=1308Kb max_used=1366Kb free=4451Kb
 bounds [0x0000015100000000, 0x0000015100270000, 0x00000151005a0000]
 total_blobs=6098 nmethods=4197 adapters=493
 compilation: enabled
              stopped_count=0, restarted_count=0
 full_count=0

Compilation events (10 events):
Event: 5.452 Thread 0x000001517fcc3800 nmethod 4432 0x0000015100f9e790 code [0x0000015100f9e9c0, 0x0000015100f9f1f0]
Event: 5.452 Thread 0x000001511ba95800 4426       4       org.springframework.core.annotation.TypeMappedAnnotations::scan (62 bytes)
Event: 5.452 Thread 0x000001517fcc3800 4435       3       org.springframework.core.annotation.AnnotationUtils::isCandidateClass (41 bytes)
Event: 5.452 Thread 0x000001517fcc3800 nmethod 4435 0x0000015100f9f490 code [0x0000015100f9f720, 0x0000015100fa0370]
Event: 5.453 Thread 0x000001517fcc3800 4436       3       org.springframework.beans.factory.support.AbstractBeanFactory::isPrototypeCurrentlyInCreation (46 bytes)
Event: 5.453 Thread 0x000001517fcc3800 nmethod 4436 0x0000015100fa0790 code [0x0000015100fa09a0, 0x0000015100fa10d0]
Event: 5.454 Thread 0x000001511ba95800 nmethod 4426 0x0000015107e6ef10 code [0x0000015107e6f0c0, 0x0000015107e6f2e8]
Event: 5.454 Thread 0x000001511ba95800 4434       4       org.springframework.core.annotation.TypeMappedAnnotations::get (52 bytes)
Event: 5.454 Thread 0x000001511ba99800 nmethod 4424 0x0000015107e6f510 code [0x0000015107e6f6a0, 0x0000015107e6fb78]
Event: 5.454 Thread 0x000001511ba99800 4433       4       org.springframework.core.annotation.TypeMappedAnnotations::get (8 bytes)

GC Heap History (10 events):
Event: 0.896 GC heap before
{Heap before GC invocations=1 (full 0):
 garbage-first heap   total 258048K, used 32232K [0x0000000704400000, 0x0000000800000000)
  region size 1024K, 28 young (28672K), 3 survivors (3072K)
 Metaspace       used 15999K, capacity 16362K, committed 16512K, reserved 1064960K
  class space    used 1658K, capacity 1804K, committed 1920K, reserved 1048576K
}
Event: 0.900 GC heap after
{Heap after GC invocations=2 (full 0):
 garbage-first heap   total 258048K, used 8194K [0x0000000704400000, 0x0000000800000000)
  region size 1024K, 2 young (2048K), 2 survivors (2048K)
 Metaspace       used 15999K, capacity 16362K, committed 16512K, reserved 1064960K
  class space    used 1658K, capacity 1804K, committed 1920K, reserved 1048576K
}
Event: 1.224 GC heap before
{Heap before GC invocations=2 (full 0):
 garbage-first heap   total 258048K, used 37890K [0x0000000704400000, 0x0000000800000000)
  region size 1024K, 33 young (33792K), 2 survivors (2048K)
 Metaspace       used 20685K, capacity 21166K, committed 21248K, reserved 1069056K
  class space    used 2306K, capacity 2508K, committed 2560K, reserved 1048576K
}
Event: 1.226 GC heap after
{Heap after GC invocations=3 (full 0):
 garbage-first heap   total 258048K, used 9141K [0x0000000704400000, 0x0000000800000000)
  region size 1024K, 3 young (3072K), 3 survivors (3072K)
 Metaspace       used 20685K, capacity 21166K, committed 21248K, reserved 1069056K
  class space    used 2306K, capacity 2508K, committed 2560K, reserved 1048576K
}
Event: 1.718 GC heap before
{Heap before GC invocations=4 (full 0):
 garbage-first heap   total 258048K, used 109493K [0x0000000704400000, 0x0000000800000000)
  region size 1024K, 102 young (104448K), 3 survivors (3072K)
 Metaspace       used 29117K, capacity 29807K, committed 30080K, reserved 1075200K
  class space    used 3387K, capacity 3643K, committed 3712K, reserved 1048576K
}
Event: 1.723 GC heap after
{Heap after GC invocations=5 (full 0):
 garbage-first heap   total 258048K, used 11627K [0x0000000704400000, 0x0000000800000000)
  region size 1024K, 5 young (5120K), 5 survivors (5120K)
 Metaspace       used 29117K, capacity 29807K, committed 30080K, reserved 1075200K
  class space    used 3387K, capacity 3643K, committed 3712K, reserved 1048576K
}
Event: 2.585 GC heap before
{Heap before GC invocations=5 (full 0):
 garbage-first heap   total 258048K, used 72043K [0x0000000704400000, 0x0000000800000000)
  region size 1024K, 65 young (66560K), 5 survivors (5120K)
 Metaspace       used 34983K, capacity 35817K, committed 35840K, reserved 1081344K
  class space    used 4128K, capacity 4459K, committed 4480K, reserved 1048576K
}
Event: 2.596 GC heap after
{Heap after GC invocations=6 (full 0):
 garbage-first heap   total 258048K, used 13798K [0x0000000704400000, 0x0000000800000000)
  region size 1024K, 7 young (7168K), 7 survivors (7168K)
 Metaspace       used 34983K, capacity 35817K, committed 35840K, reserved 1081344K
  class space    used 4128K, capacity 4459K, committed 4480K, reserved 1048576K
}
Event: 4.669 GC heap before
{Heap before GC invocations=7 (full 0):
 garbage-first heap   total 258048K, used 160230K [0x0000000704400000, 0x0000000800000000)
  region size 1024K, 151 young (154624K), 7 survivors (7168K)
 Metaspace       used 49843K, capacity 51019K, committed 51328K, reserved 1093632K
  class space    used 6194K, capacity 6689K, committed 6784K, reserved 1048576K
}
Event: 4.684 GC heap after
{Heap after GC invocations=8 (full 0):
 garbage-first heap   total 310272K, used 18597K [0x0000000704400000, 0x0000000800000000)
  region size 1024K, 12 young (12288K), 12 survivors (12288K)
 Metaspace       used 49843K, capacity 51019K, committed 51328K, reserved 1093632K
  class space    used 6194K, capacity 6689K, committed 6784K, reserved 1048576K
}

Deoptimization events (10 events):
Event: 4.526 Thread 0x000001517226e800 Uncommon trap: reason=unstable_if action=reinterpret pc=0x0000015107d51fe0 method=java.net.URI.match(CJJ)Z @ 45 c2
Event: 4.684 Thread 0x0000015121591800 Uncommon trap: reason=unstable_if action=reinterpret pc=0x0000015107d48560 method=java.lang.CharacterDataLatin1.digit(II)I @ 12 c2
Event: 4.983 Thread 0x000001517226e800 Uncommon trap: reason=speculate_class_check action=maybe_recompile pc=0x0000015107d96604 method=java.lang.reflect.Executable.declaredAnnotations()Ljava/util/Map; @ 23 c2
Event: 4.983 Thread 0x000001517226e800 Uncommon trap: reason=speculate_class_check action=maybe_recompile pc=0x0000015107d96604 method=java.lang.reflect.Executable.declaredAnnotations()Ljava/util/Map; @ 23 c2
Event: 5.007 Thread 0x000001517226e800 Uncommon trap: reason=speculate_class_check action=maybe_recompile pc=0x0000015107d96604 method=java.lang.reflect.Executable.declaredAnnotations()Ljava/util/Map; @ 23 c2
Event: 5.008 Thread 0x000001517226e800 Uncommon trap: reason=speculate_class_check action=maybe_recompile pc=0x0000015107d96604 method=java.lang.reflect.Executable.declaredAnnotations()Ljava/util/Map; @ 23 c2
Event: 5.187 Thread 0x000001517226e800 Uncommon trap: reason=unstable_if action=reinterpret pc=0x0000015107d37ff8 method=java.util.HashMap$HashIterator.<init>(Ljava/util/HashMap;)V @ 45 c2
Event: 5.314 Thread 0x000001517226e800 Uncommon trap: reason=unstable_if action=reinterpret pc=0x0000015107b84000 method=java.util.jar.JarFile.getVersionedEntry(Ljava/lang/String;Ljava/util/jar/JarEntry;)Ljava/util/jar/JarEntry; @ 67 c2
Event: 5.395 Thread 0x000001517226e800 Uncommon trap: reason=unstable_if action=reinterpret pc=0x0000015107b80f94 method=java.lang.Integer.stringSize(I)I @ 3 c2
Event: 5.423 Thread 0x000001517226e800 Uncommon trap: reason=unstable_if action=reinterpret pc=0x0000015107b3ba48 method=java.lang.CharacterDataLatin1.isWhitespace(I)Z @ 14 c2

Classes redefined (0 events):
No events

Internal exceptions (10 events):
Event: 3.809 Thread 0x000001517226e800 Exception <a 'java/lang/NoSuchMethodError'{0x000000070e431268}: java.lang.invoke.DirectMethodHandle$Holder.invokeInterface(Ljava/lang/Object;Ljava/lang/Object;Ljava/lang/Object;Ljava/lang/Object;)I> (0x000000070e431268) thrown at [c:/sb/prod/1680893669/wo
Event: 3.893 Thread 0x000001517226e800 Exception <a 'java/lang/NoSuchMethodError'{0x000000070df852f8}: java.lang.invoke.DirectMethodHandle$Holder.invokeVirtual(Ljava/lang/Object;Ljava/lang/Object;)J> (0x000000070df852f8) thrown at [c:/sb/prod/1680893669/workspace/open/src/hotspot/share/interpr
Event: 3.902 Thread 0x000001517226e800 Exception <a 'java/io/FileNotFoundException'{0x000000070dfd7870}> (0x000000070dfd7870) thrown at [c:/sb/prod/1680893669/workspace/open/src/hotspot/share/prims/jni.cpp, line 615]
Event: 3.969 Thread 0x000001517226e800 Exception <a 'java/lang/NoSuchMethodError'{0x000000070d842260}: java.lang.invoke.DirectMethodHandle$Holder.invokeStatic(Ljava/lang/Object;Ljava/lang/Object;I)V> (0x000000070d842260) thrown at [c:/sb/prod/1680893669/workspace/open/src/hotspot/share/interpr
Event: 4.515 Thread 0x000001517226e800 Exception <a 'java/lang/NoSuchMethodError'{0x000000070b32f9e0}: java.lang.invoke.DirectMethodHandle$Holder.newInvokeSpecial(Ljava/lang/Object;Ljava/lang/Object;Ljava/lang/Object;Ljava/lang/Object;I)Ljava/lang/Object;> (0x000000070b32f9e0) thrown at [c:/sb
Event: 4.521 Thread 0x000001517226e800 Exception <a 'java/lang/NoClassDefFoundError'{0x000000070b3ce6c0}: com/sun/jna/Platform> (0x000000070b3ce6c0) thrown at [c:/sb/prod/1680893669/workspace/open/src/hotspot/share/classfile/systemDictionary.cpp, line 220]
Event: 4.615 Thread 0x000001517226e800 Exception <a 'java/lang/NoSuchMethodError'{0x000000070adc6c48}: java.lang.invoke.DirectMethodHandle$Holder.invokeStaticInit(Ljava/lang/Object;Ljava/lang/Object;Ljava/lang/Object;Ljava/lang/Object;)Ljava/lang/Object;> (0x000000070adc6c48) thrown at [c:/sb/
Event: 4.885 Thread 0x000001517226e800 Exception <a 'java/lang/NoSuchMethodError'{0x00000007166e6328}: java.lang.invoke.DirectMethodHandle$Holder.newInvokeSpecial(Ljava/lang/Object;Ljava/lang/Object;ILjava/lang/Object;Ljava/lang/Object;)Ljava/lang/Object;> (0x00000007166e6328) thrown at [c:/sb
Event: 5.290 Thread 0x000001517226e800 Exception <a 'java/lang/NoSuchMethodError'{0x00000007149f54e0}: java.lang.invoke.DirectMethodHandle$Holder.invokeInterface(Ljava/lang/Object;Ljava/lang/Object;)V> (0x00000007149f54e0) thrown at [c:/sb/prod/1680893669/workspace/open/src/hotspot/share/inter
Event: 5.301 Thread 0x000001517226e800 Exception <a 'java/lang/NoSuchMethodError'{0x00000007148dc158}: java.lang.invoke.DirectMethodHandle$Holder.invokeStaticInit(Ljava/lang/Object;Ljava/lang/Object;Ljava/lang/Object;Ljava/lang/Object;II)Ljava/lang/Object;> (0x00000007148dc158) thrown at [c:/s

Events (10 events):
Event: 5.452 Thread 0x000001517226e800 DEOPT UNPACKING pc=0x000001510003d6ce sp=0x0000002bb00fd030 mode 1
Event: 5.452 Thread 0x000001517226e800 DEOPT PACKING pc=0x0000015100d2fd64 sp=0x0000002bb00fdbf0
Event: 5.452 Thread 0x000001517226e800 DEOPT UNPACKING pc=0x000001510003d6ce sp=0x0000002bb00fd0b0 mode 1
Event: 5.452 loading class org/springframework/beans/factory/SmartFactoryBean
Event: 5.452 loading class org/springframework/beans/factory/SmartFactoryBean done
Event: 5.453 loading class org/springframework/http/ResponseEntity
Event: 5.453 loading class org/springframework/http/ResponseEntity done
Event: 5.454 loading class org/springframework/http/HttpEntity
Event: 5.454 loading class org/springframework/http/HttpEntity done
Event: 5.458 Executing VM operation: ChangeBreakpoints


Dynamic libraries:
0x00007ff7cd630000 - 0x00007ff7cd675000 	C:\openjdk-11.0.0.1_windows-x64_bin\jdk-11.0.0.1\bin\java.exe
0x00007ffaa14b0000 - 0x00007ffaa16c7000 	C:\WINDOWS\SYSTEM32\ntdll.dll
0x00007ffaa0090000 - 0x00007ffaa0154000 	C:\WINDOWS\System32\KERNEL32.DLL
0x00007ffa9ee50000 - 0x00007ffa9f1f6000 	C:\WINDOWS\System32\KERNELBASE.dll
0x00007ffa9fe80000 - 0x00007ffaa002e000 	C:\WINDOWS\System32\USER32.dll
0x00007ffa9e920000 - 0x00007ffa9e946000 	C:\WINDOWS\System32\win32u.dll
0x00007ffa9f8d0000 - 0x00007ffa9f8f9000 	C:\WINDOWS\System32\GDI32.dll
0x00007ffa9ed30000 - 0x00007ffa9ee48000 	C:\WINDOWS\System32\gdi32full.dll
0x00007ffa9e950000 - 0x00007ffa9e9ea000 	C:\WINDOWS\System32\msvcp_win.dll
0x00007ffa9ea70000 - 0x00007ffa9eb81000 	C:\WINDOWS\System32\ucrtbase.dll
0x00007ffa85850000 - 0x00007ffa85ae3000 	C:\WINDOWS\WinSxS\amd64_microsoft.windows.common-controls_6595b64144ccf1df_6.0.22621.2506_none_270c5ae97388e100\COMCTL32.dll
0x00007ffaa0630000 - 0x00007ffaa06d7000 	C:\WINDOWS\System32\msvcrt.dll
0x00007ffaa04f0000 - 0x00007ffaa0521000 	C:\WINDOWS\System32\IMM32.DLL
0x00007ffa8d6b0000 - 0x00007ffa8d6c6000 	C:\openjdk-11.0.0.1_windows-x64_bin\jdk-11.0.0.1\bin\vcruntime140.dll
0x00007ffa552a0000 - 0x00007ffa5534a000 	C:\openjdk-11.0.0.1_windows-x64_bin\jdk-11.0.0.1\bin\msvcp140.dll
0x00007ffa54750000 - 0x00007ffa55293000 	C:\openjdk-11.0.0.1_windows-x64_bin\jdk-11.0.0.1\bin\server\jvm.dll
0x00007ffaa03d0000 - 0x00007ffaa0483000 	C:\WINDOWS\System32\ADVAPI32.dll
0x00007ffaa0160000 - 0x00007ffaa0208000 	C:\WINDOWS\System32\sechost.dll
0x00007ffa9eb90000 - 0x00007ffa9ebb8000 	C:\WINDOWS\System32\bcrypt.dll
0x00007ffa9fa70000 - 0x00007ffa9fb87000 	C:\WINDOWS\System32\RPCRT4.dll
0x00007ffaa03c0000 - 0x00007ffaa03c8000 	C:\WINDOWS\System32\PSAPI.DLL
0x00007ffa836f0000 - 0x00007ffa836f9000 	C:\WINDOWS\SYSTEM32\WSOCK32.dll
0x00007ffa90530000 - 0x00007ffa9053a000 	C:\WINDOWS\SYSTEM32\VERSION.dll
0x00007ffa92b30000 - 0x00007ffa92b64000 	C:\WINDOWS\SYSTEM32\WINMM.dll
0x00007ffa9f3d0000 - 0x00007ffa9f441000 	C:\WINDOWS\System32\WS2_32.dll
0x00007ffa9d8e0000 - 0x00007ffa9d8f8000 	C:\WINDOWS\SYSTEM32\kernel.appcore.dll
0x00007ffa8d690000 - 0x00007ffa8d6a1000 	C:\openjdk-11.0.0.1_windows-x64_bin\jdk-11.0.0.1\bin\verify.dll
0x00007ffa9bf20000 - 0x00007ffa9c153000 	C:\WINDOWS\SYSTEM32\DBGHELP.DLL
0x00007ffaa10e0000 - 0x00007ffaa1469000 	C:\WINDOWS\System32\combase.dll
0x00007ffa9f990000 - 0x00007ffa9fa67000 	C:\WINDOWS\System32\OLEAUT32.dll
0x00007ffa81ef0000 - 0x00007ffa81f22000 	C:\WINDOWS\SYSTEM32\dbgcore.DLL
0x00007ffa9e9f0000 - 0x00007ffa9ea6a000 	C:\WINDOWS\System32\bcryptPrimitives.dll
0x00007ffa72470000 - 0x00007ffa72498000 	C:\openjdk-11.0.0.1_windows-x64_bin\jdk-11.0.0.1\bin\java.dll
0x00007ffa82aa0000 - 0x00007ffa82ad7000 	C:\openjdk-11.0.0.1_windows-x64_bin\jdk-11.0.0.1\bin\jdwp.dll
0x00007ffa83eb0000 - 0x00007ffa83edf000 	C:\openjdk-11.0.0.1_windows-x64_bin\jdk-11.0.0.1\bin\instrument.dll
0x00007ffa72450000 - 0x00007ffa72466000 	C:\openjdk-11.0.0.1_windows-x64_bin\jdk-11.0.0.1\bin\zip.dll
0x00007ffa8d680000 - 0x00007ffa8d68a000 	C:\openjdk-11.0.0.1_windows-x64_bin\jdk-11.0.0.1\bin\jimage.dll
0x00007ffaa0880000 - 0x00007ffaa10da000 	C:\WINDOWS\System32\SHELL32.dll
0x00007ffa9c6f0000 - 0x00007ffa9cfe6000 	C:\WINDOWS\SYSTEM32\windows.storage.dll
0x00007ffa9c5b0000 - 0x00007ffa9c6ee000 	C:\WINDOWS\SYSTEM32\wintypes.dll
0x00007ffa9fbb0000 - 0x00007ffa9fca3000 	C:\WINDOWS\System32\SHCORE.dll
0x00007ffaa0030000 - 0x00007ffaa008e000 	C:\WINDOWS\System32\shlwapi.dll
0x00007ffa9e720000 - 0x00007ffa9e746000 	C:\WINDOWS\SYSTEM32\profapi.dll
0x00007ffa92c70000 - 0x00007ffa92c7a000 	C:\openjdk-11.0.0.1_windows-x64_bin\jdk-11.0.0.1\bin\dt_socket.dll
0x00007ffa9dd90000 - 0x00007ffa9ddf9000 	C:\WINDOWS\system32\mswsock.dll
0x00007ffa63a20000 - 0x00007ffa63a39000 	C:\openjdk-11.0.0.1_windows-x64_bin\jdk-11.0.0.1\bin\net.dll
0x00007ffa94120000 - 0x00007ffa94257000 	C:\WINDOWS\SYSTEM32\WINHTTP.dll
0x00007ffa5cac0000 - 0x00007ffa5cad3000 	C:\openjdk-11.0.0.1_windows-x64_bin\jdk-11.0.0.1\bin\nio.dll
0x00007ffa850d0000 - 0x00007ffa850d9000 	C:\openjdk-11.0.0.1_windows-x64_bin\jdk-11.0.0.1\bin\management.dll
0x00007ffa850c0000 - 0x00007ffa850cc000 	C:\openjdk-11.0.0.1_windows-x64_bin\jdk-11.0.0.1\bin\management_ext.dll
0x00007ffa79c60000 - 0x00007ffa79c77000 	C:\WINDOWS\system32\napinsp.dll
0x00007ffa79c40000 - 0x00007ffa79c5b000 	C:\WINDOWS\system32\pnrpnsp.dll
0x00007ffa9d2f0000 - 0x00007ffa9d3e9000 	C:\WINDOWS\SYSTEM32\DNSAPI.dll
0x00007ffa9d2c0000 - 0x00007ffa9d2ed000 	C:\WINDOWS\SYSTEM32\IPHLPAPI.DLL
0x00007ffaa0490000 - 0x00007ffaa0499000 	C:\WINDOWS\System32\NSI.dll
0x00007ffa79bc0000 - 0x00007ffa79bd1000 	C:\WINDOWS\System32\winrnr.dll
0x00007ffa926a0000 - 0x00007ffa926b5000 	C:\WINDOWS\system32\wshbth.dll
0x00007ffa79b90000 - 0x00007ffa79bb1000 	C:\WINDOWS\system32\nlansp_c.dll
0x00007ffa90810000 - 0x00007ffa9081a000 	C:\Windows\System32\rasadhlp.dll
0x00007ffa920f0000 - 0x00007ffa92173000 	C:\WINDOWS\System32\fwpuclnt.dll
0x00007ffa9dfe0000 - 0x00007ffa9dffb000 	C:\WINDOWS\SYSTEM32\CRYPTSP.dll
0x00007ffa9d840000 - 0x00007ffa9d875000 	C:\WINDOWS\system32\rsaenh.dll
0x00007ffa9de80000 - 0x00007ffa9deac000 	C:\WINDOWS\SYSTEM32\USERENV.dll
0x00007ffa9e000000 - 0x00007ffa9e00c000 	C:\WINDOWS\SYSTEM32\CRYPTBASE.dll
0x00007ffa94860000 - 0x00007ffa94879000 	C:\WINDOWS\SYSTEM32\dhcpcsvc6.DLL
0x00007ffa93990000 - 0x00007ffa939af000 	C:\WINDOWS\SYSTEM32\dhcpcsvc.DLL
0x00007ffa83ce0000 - 0x00007ffa83d07000 	C:\openjdk-11.0.0.1_windows-x64_bin\jdk-11.0.0.1\bin\sunec.dll
0x00007ffa84930000 - 0x00007ffa8493d000 	C:\openjdk-11.0.0.1_windows-x64_bin\jdk-11.0.0.1\bin\sunmscapi.dll
0x00007ffa9ebc0000 - 0x00007ffa9ed26000 	C:\WINDOWS\System32\CRYPT32.dll
0x00007ffa9e1a0000 - 0x00007ffa9e1ce000 	C:\WINDOWS\SYSTEM32\ncrypt.dll
0x00007ffa9e160000 - 0x00007ffa9e197000 	C:\WINDOWS\SYSTEM32\NTASN1.dll

dbghelp: loaded successfully - version: 4.0.5 - missing functions: none
symbol engine: initialized successfully - sym options: 0x614 - pdb path: .;C:\openjdk-11.0.0.1_windows-x64_bin\jdk-11.0.0.1\bin;C:\WINDOWS\SYSTEM32;C:\WINDOWS\WinSxS\amd64_microsoft.windows.common-controls_6595b64144ccf1df_6.0.22621.2506_none_270c5ae97388e100;C:\openjdk-11.0.0.1_windows-x64_bin\jdk-11.0.0.1\bin\server

VM Arguments:
jvm_args: -agentlib:jdwp=transport=dt_socket,address=127.0.0.1:49401,suspend=y,server=n -javaagent:C:\Users\Playdata\AppData\Local\JetBrains\IdeaIC2023.2\captureAgent\debugger-agent.jar -Dfile.encoding=UTF-8 
java_command: com.encore.ordering.OrderingApplication
java_class_path (initial): C:\Users\Playdata\Desktop\SW camp\ordering\out\production\classes;C:\Users\Playdata\Desktop\SW camp\ordering\out\production\resources;C:\Users\Playdata\.gradle\caches\modules-2\files-2.1\org.springframework.boot\spring-boot-starter-data-jpa\2.7.11\43268b1cdb2711aef4563bc3ac1d2f8936527cd9\spring-boot-starter-data-jpa-2.7.11.jar;C:\Users\Playdata\.gradle\caches\modules-2\files-2.1\org.springframework.boot\spring-boot-starter-security\2.7.11\f32f1ed9a45bb49113e1c39f34121b0b37d39d84\spring-boot-starter-security-2.7.11.jar;C:\Users\Playdata\.gradle\caches\modules-2\files-2.1\org.springframework.boot\spring-boot-starter-validation\2.7.11\b68a95d37dc3fc62b5c4c8ecb634c7b7c88dcc0b\spring-boot-starter-validation-2.7.11.jar;C:\Users\Playdata\.gradle\caches\modules-2\files-2.1\org.springframework.boot\spring-boot-starter-web\2.7.11\c23ca827c1d5cf45d70f4b5204a9b889ec5d3b24\spring-boot-starter-web-2.7.11.jar;C:\Users\Playdata\.gradle\caches\modules-2\files-2.1\io.jsonwebtoken\jjwt\0.9.1\54d2abfc3e63a28824d35bf600d6a5d627da681a\jjwt-0.9.1.jar;C:\Users\Playdata\.gradle\caches\modules-2\files-2.1\org.springframework.boot\spring-boot-starter-aop\2.7.11\9b153237690b028c57f443aad49144e62dd2a8b5\spring-boot-starter-aop-2.7.11.jar;C:\Users\Playdata\.gradle\caches\modules-2\files-2.1\org.springframework.boot\spring-boot-starter-jdbc\2.7.11\b502fe4cbdf3ec3b97d8cfd093becac0225eba48\spring-boot-starter-jdbc-2.7.11.jar;C:\Users\Playdata\.gradle\caches\modules-2\files-2.1\jakarta.transaction\jakarta.transaction-api\1.3.3\c4179d48720a1e87202115fbed6089bdc4195405\jakarta.transaction-api-1.3.3.jar;C:\Users\Playdata\.gradle\caches\modules-2\files-2.1\jakarta.persistence\jakarta.persistence-api\2.2.3\8f6ea5daedc614f07a3654a455660145286f024e\jakarta.persistence-api-2.2.3.jar;C:\Users\Playdata\.gradle\caches\modules-2\files-2.1\org.hibernate\hibernate-core\5.6.15.Final\ab14b7cef1fdff654ca81923048a6034d6c7cfa7\hibernate-core-5.6.15.Final.jar;C:\Users\Playdata\.gradle\cache
Launcher Type: SUN_STANDARD

[Global flags]
     intx CICompilerCount                          = 4                                         {product} {ergonomic}
     uint ConcGCThreads                            = 2                                         {product} {ergonomic}
     uint G1ConcRefinementThreads                  = 8                                         {product} {ergonomic}
   size_t G1HeapRegionSize                         = 1048576                                   {product} {ergonomic}
    uintx GCDrainStackTargetSize                   = 64                                        {product} {ergonomic}
   size_t InitialHeapSize                          = 264241152                                 {product} {ergonomic}
   size_t MarkStackSize                            = 4194304                                   {product} {ergonomic}
   size_t MaxHeapSize                              = 4223664128                                {product} {ergonomic}
   size_t MaxNewSize                               = 2533359616                                {product} {ergonomic}
   size_t MinHeapDeltaBytes                        = 1048576                                   {product} {ergonomic}
    uintx NonNMethodCodeHeapSize                   = 5835340                                {pd product} {ergonomic}
    uintx NonProfiledCodeHeapSize                  = 122911450                              {pd product} {ergonomic}
    uintx ProfiledCodeHeapSize                     = 122911450                              {pd product} {ergonomic}
    uintx ReservedCodeCacheSize                    = 251658240                              {pd product} {ergonomic}
     bool SegmentedCodeCache                       = true                                      {product} {ergonomic}
     bool UseCompressedClassPointers               = true                                 {lp64_product} {ergonomic}
     bool UseCompressedOops                        = true                                 {lp64_product} {ergonomic}
     bool UseG1GC                                  = true                                      {product} {ergonomic}
     bool UseLargePagesIndividualAllocation        = false                                  {pd product} {ergonomic}

Logging:
Log output configuration:
 #0: stdout all=warning uptime,level,tags
 #1: stderr all=off uptime,level,tags

Environment Variables:
PATH=C:\Program Files (x86)\VMware\VMware Player\bin\;C:\WINDOWS\system32;C:\WINDOWS;C:\WINDOWS\System32\Wbem;C:\WINDOWS\System32\WindowsPowerShell\v1.0\;C:\WINDOWS\System32\OpenSSH\;C:\Program Files\Git\cmd;C:\Program Files\MariaDB 11.3\bin;C:\Program Files\Bandizip\;C:\openjdk-11.0.0.1_windows-x64_bin\jdk-11.0.0.1\bin;;C:\Program Files\Docker\Docker\resources\bin;C:\Users\Playdata\AppData\Local\Microsoft\WindowsApps;;C:\Users\Playdata\AppData\Local\Programs\Microsoft VS Code\bin
USERNAME=Playdata
OS=Windows_NT
PROCESSOR_IDENTIFIER=Intel64 Family 6 Model 140 Stepping 1, GenuineIntel



---------------  S Y S T E M  ---------------

OS: Windows 10 , 64 bit Build 22621 (10.0.22621.2506)

CPU:total 8 (initial active 8) (4 cores per cpu, 2 threads per core) family 6 model 140 stepping 1, cmov, cx8, fxsr, mmx, sse, sse2, sse3, ssse3, sse4.1, sse4.2, popcnt, avx, avx2, aes, clmul, erms, 3dnowpref, lzcnt, ht, tsc, tscinvbit, bmi1, bmi2, adx, sha, fma

Memory: 4k page, system-wide physical 16107M (5624M free)
TotalPageFile size 19862M (AvailPageFile size 4422M)
current process WorkingSet (physical memory assigned to process): 365M, peak: 435M
current process commit charge ("private bytes"): 490M, peak: 587M

vm_info: OpenJDK 64-Bit Server VM (11.0.0.1+3-5) for windows-amd64 JRE (11.0.0.1+3-5), built on Apr  7 2023 19:59:13 by "mach5one" with MS VC++ 15.5 (VS2017)

END.
